0 info it worked if it ends with ok
1 verbose cli [ 'f:\\nodejs\\node.exe',
1 verbose cli   'f:\\nodejs\\node_modules\\npm\\bin\\npm-cli.js',
1 verbose cli   'start' ]
2 info using npm@4.0.5
3 info using node@v7.3.0
4 verbose run-script [ 'prestart', 'start', 'poststart' ]
5 info lifecycle app2@1.0.0~prestart: app2@1.0.0
6 silly lifecycle app2@1.0.0~prestart: no script for prestart, continuing
7 info lifecycle app2@1.0.0~start: app2@1.0.0
8 verbose lifecycle app2@1.0.0~start: unsafe-perm in lifecycle true
9 verbose lifecycle app2@1.0.0~start: PATH: f:\nodejs\node_modules\npm\bin\node-gyp-bin;e:\test\ng\advanced-ng-blocks\node_modules\.bin;F:\Ruby23-x64\bin;c:\Program Files (x86)\Intel\iCLS Client\;c:\Program Files\Intel\iCLS Client\;C:\Windows\system32;C:\Windows;C:\Windows\System32\Wbem;C:\Windows\System32\WindowsPowerShell\v1.0\;C:\Program Files\Intel\Intel(R) Management Engine Components\DAL;C:\Program Files\Intel\Intel(R) Management Engine Components\IPT;C:\Program Files (x86)\Intel\Intel(R) Management Engine Components\DAL;C:\Program Files (x86)\Intel\Intel(R) Management Engine Components\IPT;f:\nodejs;f:\nodejs\node_modules;F:\Git\cmd;F:\MongoDB\bin;F:\Heroku\bin
10 verbose lifecycle app2@1.0.0~start: CWD: e:\test\ng\advanced-ng-blocks
11 silly lifecycle app2@1.0.0~start: Args: [ '/d /s /c',
11 silly lifecycle   'concurrently \'npm run tsc:w\' \'npm run lite\'' ]
12 silly lifecycle app2@1.0.0~start: Returned: code: 1  signal: null
13 info lifecycle app2@1.0.0~start: Failed to exec start script
14 verbose stack Error: app2@1.0.0 start: `concurrently 'npm run tsc:w' 'npm run lite'`
14 verbose stack Exit status 1
14 verbose stack     at EventEmitter.<anonymous> (f:\nodejs\node_modules\npm\lib\utils\lifecycle.js:279:16)
14 verbose stack     at emitTwo (events.js:106:13)
14 verbose stack     at EventEmitter.emit (events.js:191:7)
14 verbose stack     at ChildProcess.<anonymous> (f:\nodejs\node_modules\npm\lib\utils\spawn.js:40:14)
14 verbose stack     at emitTwo (events.js:106:13)
14 verbose stack     at ChildProcess.emit (events.js:191:7)
14 verbose stack     at maybeClose (internal/child_process.js:885:16)
14 verbose stack     at Process.ChildProcess._handle.onexit (internal/child_process.js:226:5)
15 verbose pkgid app2@1.0.0
16 verbose cwd e:\test\ng\advanced-ng-blocks
17 error Windows_NT 6.1.7601
18 error argv "f:\\nodejs\\node.exe" "f:\\nodejs\\node_modules\\npm\\bin\\npm-cli.js" "start"
19 error node v7.3.0
20 error npm  v4.0.5
21 error code ELIFECYCLE
22 error app2@1.0.0 start: `concurrently 'npm run tsc:w' 'npm run lite'`
22 error Exit status 1
23 error Failed at the app2@1.0.0 start script 'concurrently 'npm run tsc:w' 'npm run lite''.
23 error Make sure you have the latest version of node.js and npm installed.
23 error If you do, this is most likely a problem with the app2 package,
23 error not with npm itself.
23 error Tell the author that this fails on your system:
23 error     concurrently 'npm run tsc:w' 'npm run lite'
23 error You can get information on how to open an issue for this project with:
23 error     npm bugs app2
23 error Or if that isn't available, you can get their info via:
23 error     npm owner ls app2
23 error There is likely additional logging output above.
24 verbose exit [ 1, true ]
